<?xml version="1.0" encoding="UTF-8"?>
<!-- Generated by org.testng.reporters.JUnitReportReporter -->
<testsuite hostname="DESKTOP-2QDPG9I" failures="0" tests="7" name="testCases.RegisterStudent_DataProviderTest" time="119.580" errors="0" timestamp="2022-01-26T15:40:22 IST" skipped="0">
  <testcase classname="testCases.RegisterStudent_DataProviderTest" name="pageTest" time="15.407"/>
  <system-out/>
  <testcase classname="testCases.RegisterStudent_DataProviderTest" name="pageTest" time="19.094"/>
  <system-out/>
  <testcase classname="testCases.RegisterStudent_DataProviderTest" name="pageTest" time="12.121"/>
  <system-out/>
  <testcase classname="testCases.RegisterStudent_DataProviderTest" name="pageTest" time="15.325"/>
  <system-out/>
  <testcase classname="testCases.RegisterStudent_DataProviderTest" name="pageTest" time="21.249"/>
  <system-out/>
  <testcase classname="testCases.RegisterStudent_DataProviderTest" name="pageTest" time="18.655"/>
  <system-out/>
  <testcase classname="testCases.RegisterStudent_DataProviderTest" name="pageTest" time="17.729"/>
  <system-out/>
</testsuite> <!-- testCases.RegisterStudent_DataProviderTest -->
