<?xml version="1.0" encoding="UTF-8"?>
<!-- Generated by org.testng.reporters.JUnitReportReporter -->
<testsuite hostname="DESKTOP-2QDPG9I" failures="0" tests="7" name="testCases.RegisterStudent_DataProviderTest" time="126.008" errors="0" timestamp="2022-01-23T14:56:12 IST" skipped="0">
  <testcase classname="testCases.RegisterStudent_DataProviderTest" name="pageTest" time="15.895"/>
  <system-out/>
  <testcase classname="testCases.RegisterStudent_DataProviderTest" name="pageTest" time="15.959"/>
  <system-out/>
  <testcase classname="testCases.RegisterStudent_DataProviderTest" name="pageTest" time="17.332"/>
  <system-out/>
  <testcase classname="testCases.RegisterStudent_DataProviderTest" name="pageTest" time="18.341"/>
  <system-out/>
  <testcase classname="testCases.RegisterStudent_DataProviderTest" name="pageTest" time="13.286"/>
  <system-out/>
  <testcase classname="testCases.RegisterStudent_DataProviderTest" name="pageTest" time="25.457"/>
  <system-out/>
  <testcase classname="testCases.RegisterStudent_DataProviderTest" name="pageTest" time="19.738"/>
  <system-out/>
</testsuite> <!-- testCases.RegisterStudent_DataProviderTest -->
