<?xml version="1.0" encoding="UTF-8"?>
<!-- Generated by org.testng.reporters.JUnitReportReporter -->
<testsuite hostname="DESKTOP-2QDPG9I" failures="0" tests="7" name="testCases.RegisterStudent_DataProviderTest" time="99.686" errors="0" timestamp="2022-01-26T14:29:02 IST" skipped="0">
  <testcase classname="testCases.RegisterStudent_DataProviderTest" name="pageTest" time="13.499"/>
  <system-out/>
  <testcase classname="testCases.RegisterStudent_DataProviderTest" name="pageTest" time="10.936"/>
  <system-out/>
  <testcase classname="testCases.RegisterStudent_DataProviderTest" name="pageTest" time="12.350"/>
  <system-out/>
  <testcase classname="testCases.RegisterStudent_DataProviderTest" name="pageTest" time="18.932"/>
  <system-out/>
  <testcase classname="testCases.RegisterStudent_DataProviderTest" name="pageTest" time="15.849"/>
  <system-out/>
  <testcase classname="testCases.RegisterStudent_DataProviderTest" name="pageTest" time="14.083"/>
  <system-out/>
  <testcase classname="testCases.RegisterStudent_DataProviderTest" name="pageTest" time="14.037"/>
  <system-out/>
</testsuite> <!-- testCases.RegisterStudent_DataProviderTest -->
